# JRE version: OpenJDK Runtime Environment Zulu13.54+17-CA (13.0.14+5) (build 13.0.14+5-MTS)
# Java VM: OpenJDK 64-Bit Server VM Zulu13.54+17-CA (13.0.14+5-MTS, mixed mode, sharing, tiered, compressed oops, g1 gc, bsd-amd64)
Heap:
 garbage-first heap   total 55296K, used 28877K [0x0000000700000000, 0x0000000800000000)
  region size 1024K, 20 young (20480K), 3 survivors (3072K)
 Metaspace       used 26157K, capacity 26659K, committed 26928K, reserved 1073152K
  class space    used 2879K, capacity 3095K, committed 3200K, reserved 1048576K
GC Heap History (6 events):
Event: 0.799 GC heap before
{Heap before GC invocations=0 (full 0):
 garbage-first heap   total 264192K, used 24320K [0x0000000700000000, 0x0000000800000000)
  region size 1024K, 24 young (24576K), 0 survivors (0K)
 Metaspace       used 8167K, capacity 8652K, committed 8832K, reserved 1056768K
  class space    used 732K, capacity 832K, committed 896K, reserved 1048576K
}
Event: 0.806 GC heap after
{Heap after GC invocations=1 (full 0):
 garbage-first heap   total 264192K, used 5617K [0x0000000700000000, 0x0000000800000000)
  region size 1024K, 3 young (3072K), 3 survivors (3072K)
 Metaspace       used 8167K, capacity 8652K, committed 8832K, reserved 1056768K
  class space    used 732K, capacity 832K, committed 896K, reserved 1048576K
}
Event: 1.756 GC heap before
{Heap before GC invocations=1 (full 0):
 garbage-first heap   total 264192K, used 47601K [0x0000000700000000, 0x0000000800000000)
  region size 1024K, 45 young (46080K), 3 survivors (3072K)
 Metaspace       used 20656K, capacity 21091K, committed 21296K, reserved 1069056K
  class space    used 2415K, capacity 2630K, committed 2688K, reserved 1048576K
}
Event: 1.766 GC heap after
{Heap after GC invocations=2 (full 0):
 garbage-first heap   total 264192K, used 11992K [0x0000000700000000, 0x0000000800000000)
  region size 1024K, 10 young (10240K), 10 survivors (10240K)
 Metaspace       used 20656K, capacity 21091K, committed 21296K, reserved 1069056K
  class space    used 2415K, capacity 2630K, committed 2688K, reserved 1048576K
}
Event: 11.848 GC heap before
{Heap before GC invocations=3 (full 0):
 garbage-first heap   total 55296K, used 34520K [0x0000000700000000, 0x0000000800000000)
  region size 1024K, 32 young (32768K), 10 survivors (10240K)
 Metaspace       used 25015K, capacity 25497K, committed 26032K, reserved 1073152K
  class space    used 2739K, capacity 2960K, committed 3072K, reserved 1048576K
}
Event: 11.857 GC heap after
{Heap after GC invocations=4 (full 0):
 garbage-first heap   total 55296K, used 13517K [0x0000000700000000, 0x0000000800000000)
  region size 1024K, 3 young (3072K), 3 survivors (3072K)
 Metaspace       used 25015K, capacity 25497K, committed 26032K, reserved 1073152K
  class space    used 2739K, capacity 2960K, committed 3072K, reserved 1048576K
}

