# JRE version: OpenJDK Runtime Environment Zulu13.54+17-CA (13.0.14+5) (build 13.0.14+5-MTS)
# Java VM: OpenJDK 64-Bit Server VM Zulu13.54+17-CA (13.0.14+5-MTS, mixed mode, sharing, tiered, compressed oops, g1 gc, bsd-amd64)
Heap:
 garbage-first heap   total 55296K, used 15974K [0x0000000700000000, 0x0000000800000000)
  region size 1024K, 7 young (7168K), 3 survivors (3072K)
 Metaspace       used 25667K, capacity 26189K, committed 26544K, reserved 1073152K
  class space    used 2816K, capacity 3044K, committed 3072K, reserved 1048576K
GC Heap History (6 events):
Event: 0.807 GC heap before
{Heap before GC invocations=0 (full 0):
 garbage-first heap   total 264192K, used 24320K [0x0000000700000000, 0x0000000800000000)
  region size 1024K, 24 young (24576K), 0 survivors (0K)
 Metaspace       used 8175K, capacity 8666K, committed 8832K, reserved 1056768K
  class space    used 735K, capacity 837K, committed 896K, reserved 1048576K
}
Event: 0.815 GC heap after
{Heap after GC invocations=1 (full 0):
 garbage-first heap   total 264192K, used 5647K [0x0000000700000000, 0x0000000800000000)
  region size 1024K, 3 young (3072K), 3 survivors (3072K)
 Metaspace       used 8175K, capacity 8666K, committed 8832K, reserved 1056768K
  class space    used 735K, capacity 837K, committed 896K, reserved 1048576K
}
Event: 1.787 GC heap before
{Heap before GC invocations=1 (full 0):
 garbage-first heap   total 264192K, used 47631K [0x0000000700000000, 0x0000000800000000)
  region size 1024K, 46 young (47104K), 3 survivors (3072K)
 Metaspace       used 20716K, capacity 21216K, committed 21296K, reserved 1069056K
  class space    used 2439K, capacity 2675K, committed 2688K, reserved 1048576K
}
Event: 1.797 GC heap after
{Heap after GC invocations=2 (full 0):
 garbage-first heap   total 264192K, used 11908K [0x0000000700000000, 0x0000000800000000)
  region size 1024K, 10 young (10240K), 10 survivors (10240K)
 Metaspace       used 20716K, capacity 21216K, committed 21296K, reserved 1069056K
  class space    used 2439K, capacity 2675K, committed 2688K, reserved 1048576K
}
Event: 9.371 GC heap before
{Heap before GC invocations=3 (full 0):
 garbage-first heap   total 55296K, used 33412K [0x0000000700000000, 0x0000000800000000)
  region size 1024K, 32 young (32768K), 10 survivors (10240K)
 Metaspace       used 25174K, capacity 25636K, committed 26032K, reserved 1073152K
  class space    used 2795K, capacity 3012K, committed 3072K, reserved 1048576K
}
Event: 9.381 GC heap after
{Heap after GC invocations=4 (full 0):
 garbage-first heap   total 55296K, used 13926K [0x0000000700000000, 0x0000000800000000)
  region size 1024K, 3 young (3072K), 3 survivors (3072K)
 Metaspace       used 25174K, capacity 25636K, committed 26032K, reserved 1073152K
  class space    used 2795K, capacity 3012K, committed 3072K, reserved 1048576K
}

